<?xml version="1.0" encoding="UTF-8"?>
<!-- Generated by org.testng.reporters.JUnitReportReporter -->
<testsuite skipped="0" hostname="DESKTOP-TA6EE9O" name="com.google.SearchTest" tests="1" failures="0" timestamp="14 Jan 2021 06:27:06 GMT" time="9.907" errors="0">
  <testcase name="launchGoogle" time="9.907" classname="com.google.SearchTest"/>
</testsuite> <!-- com.google.SearchTest -->
